[2026-01-29T14:39:12.278+0000] {local_task_job_runner.py:120} INFO - ::group::Pre task execution logs
[2026-01-29T14:39:12.325+0000] {taskinstance.py:2076} INFO - Dependencies all met for dep_context=non-requeueable deps ti=<TaskInstance: sales_pipeline_dag.run_pipeline_docker manual__2026-01-29T14:39:07+00:00 [queued]>
[2026-01-29T14:39:12.336+0000] {taskinstance.py:2076} INFO - Dependencies all met for dep_context=requeueable deps ti=<TaskInstance: sales_pipeline_dag.run_pipeline_docker manual__2026-01-29T14:39:07+00:00 [queued]>
[2026-01-29T14:39:12.337+0000] {taskinstance.py:2306} INFO - Starting attempt 1 of 3
[2026-01-29T14:39:12.354+0000] {taskinstance.py:2330} INFO - Executing <Task(BashOperator): run_pipeline_docker> on 2026-01-29 14:39:07+00:00
[2026-01-29T14:39:12.361+0000] {standard_task_runner.py:64} INFO - Started process 1357 to run task
[2026-01-29T14:39:12.368+0000] {standard_task_runner.py:90} INFO - Running: ['***', 'tasks', 'run', 'sales_pipeline_dag', 'run_pipeline_docker', 'manual__2026-01-29T14:39:07+00:00', '--job-id', '43', '--raw', '--subdir', 'DAGS_FOLDER/sales_pipeline_dag.py', '--cfg-path', '/tmp/tmpvslewuij']
[2026-01-29T14:39:12.372+0000] {standard_task_runner.py:91} INFO - Job 43: Subtask run_pipeline_docker
[2026-01-29T14:39:12.477+0000] {task_command.py:426} INFO - Running <TaskInstance: sales_pipeline_dag.run_pipeline_docker manual__2026-01-29T14:39:07+00:00 [running]> on host 7c1d54b766a9
[2026-01-29T14:39:12.842+0000] {taskinstance.py:2648} INFO - Exporting env vars: AIRFLOW_CTX_DAG_OWNER='***' AIRFLOW_CTX_DAG_ID='sales_pipeline_dag' AIRFLOW_CTX_TASK_ID='run_pipeline_docker' AIRFLOW_CTX_EXECUTION_DATE='2026-01-29T14:39:07+00:00' AIRFLOW_CTX_TRY_NUMBER='1' AIRFLOW_CTX_DAG_RUN_ID='manual__2026-01-29T14:39:07+00:00'
[2026-01-29T14:39:12.843+0000] {taskinstance.py:430} INFO - ::endgroup::
[2026-01-29T14:39:12.859+0000] {subprocess.py:63} INFO - Tmp dir root location: /tmp
[2026-01-29T14:39:12.861+0000] {subprocess.py:75} INFO - Running command: ['/usr/bin/bash', '-c', '\n        docker run --rm           mon_projet_dataops:latest           python src/run_pipeline.py --input raw/customers_derrgfergerirty.csv\n        ']
[2026-01-29T14:39:12.879+0000] {subprocess.py:86} INFO - Output:
[2026-01-29T14:39:14.203+0000] {subprocess.py:93} INFO - Processing customers_dirty3.csv...
[2026-01-29T14:39:14.204+0000] {subprocess.py:93} INFO - Nombre de lignes initiales: 20
[2026-01-29T14:39:14.205+0000] {subprocess.py:93} INFO - Doublons supprimés: 0
[2026-01-29T14:39:14.206+0000] {subprocess.py:93} INFO -  Noms invalides supprimés: 2
[2026-01-29T14:39:14.207+0000] {subprocess.py:93} INFO - 📧 Emails invalides supprimés: 2
[2026-01-29T14:39:14.209+0000] {subprocess.py:93} INFO -  Dates invalides supprimées: 2
[2026-01-29T14:39:14.210+0000] {subprocess.py:93} INFO - 🌍 Pays invalides supprimés: 1
[2026-01-29T14:39:14.211+0000] {subprocess.py:93} INFO - 👤 Ages invalides supprimés: 2
[2026-01-29T14:39:14.212+0000] {subprocess.py:93} INFO - 💰 Montants invalides supprimés: 3
[2026-01-29T14:39:14.213+0000] {subprocess.py:93} INFO - 🏆 Tiers invalides supprimés: 2
[2026-01-29T14:39:14.214+0000] {subprocess.py:93} INFO - Nombre de lignes finales: 6
[2026-01-29T14:39:14.216+0000] {subprocess.py:93} INFO - Taux de rejet: 70.00%
[2026-01-29T14:39:14.219+0000] {subprocess.py:93} INFO - Processing customers_dirty2.csv...
[2026-01-29T14:39:14.221+0000] {subprocess.py:93} INFO - Nombre de lignes initiales: 10
[2026-01-29T14:39:14.222+0000] {subprocess.py:93} INFO - Doublons supprimés: 0
[2026-01-29T14:39:14.224+0000] {subprocess.py:93} INFO -  Noms invalides supprimés: 0
[2026-01-29T14:39:14.225+0000] {subprocess.py:93} INFO - 📧 Emails invalides supprimés: 1
[2026-01-29T14:39:14.227+0000] {subprocess.py:93} INFO -  Dates invalides supprimées: 2
[2026-01-29T14:39:14.228+0000] {subprocess.py:93} INFO - 🌍 Pays invalides supprimés: 0
[2026-01-29T14:39:14.230+0000] {subprocess.py:93} INFO - 👤 Ages invalides supprimés: 1
[2026-01-29T14:39:14.231+0000] {subprocess.py:93} INFO - 💰 Montants invalides supprimés: 1
[2026-01-29T14:39:14.232+0000] {subprocess.py:93} INFO - 🏆 Tiers invalides supprimés: 1
[2026-01-29T14:39:14.233+0000] {subprocess.py:93} INFO - Nombre de lignes finales: 4
[2026-01-29T14:39:14.234+0000] {subprocess.py:93} INFO - Taux de rejet: 60.00%
[2026-01-29T14:39:14.235+0000] {subprocess.py:93} INFO - Processing customers_dirty.csv...
[2026-01-29T14:39:14.237+0000] {subprocess.py:93} INFO - Nombre de lignes initiales: 10
[2026-01-29T14:39:14.238+0000] {subprocess.py:93} INFO - Doublons supprimés: 0
[2026-01-29T14:39:14.239+0000] {subprocess.py:93} INFO -  Noms invalides supprimés: 0
[2026-01-29T14:39:14.240+0000] {subprocess.py:93} INFO - 📧 Emails invalides supprimés: 1
[2026-01-29T14:39:14.241+0000] {subprocess.py:93} INFO -  Dates invalides supprimées: 1
[2026-01-29T14:39:14.242+0000] {subprocess.py:93} INFO - 🌍 Pays invalides supprimés: 0
[2026-01-29T14:39:14.244+0000] {subprocess.py:93} INFO - 👤 Ages invalides supprimés: 2
[2026-01-29T14:39:14.245+0000] {subprocess.py:93} INFO - 💰 Montants invalides supprimés: 1
[2026-01-29T14:39:14.246+0000] {subprocess.py:93} INFO - 🏆 Tiers invalides supprimés: 0
[2026-01-29T14:39:14.247+0000] {subprocess.py:93} INFO - Nombre de lignes finales: 5
[2026-01-29T14:39:14.248+0000] {subprocess.py:93} INFO - Taux de rejet: 50.00%
[2026-01-29T14:39:14.680+0000] {subprocess.py:97} INFO - Command exited with return code 0
[2026-01-29T14:39:14.682+0000] {taskinstance.py:441} INFO - ::group::Post task execution logs
[2026-01-29T14:39:14.740+0000] {taskinstance.py:1206} INFO - Marking task as SUCCESS. dag_id=sales_pipeline_dag, task_id=run_pipeline_docker, run_id=manual__2026-01-29T14:39:07+00:00, execution_date=20260129T143907, start_date=20260129T143912, end_date=20260129T143914
[2026-01-29T14:39:14.831+0000] {local_task_job_runner.py:243} INFO - Task exited with return code 0
[2026-01-29T14:39:14.876+0000] {taskinstance.py:3503} INFO - 0 downstream tasks scheduled from follow-on schedule check
[2026-01-29T14:39:14.882+0000] {local_task_job_runner.py:222} INFO - ::endgroup::
