[2026-01-29T14:29:25.913+0000] {local_task_job_runner.py:120} INFO - ::group::Pre task execution logs
[2026-01-29T14:29:25.961+0000] {taskinstance.py:2076} INFO - Dependencies all met for dep_context=non-requeueable deps ti=<TaskInstance: sales_pipeline_dag.run_pipeline_docker manual__2026-01-29T14:29:21+00:00 [queued]>
[2026-01-29T14:29:25.972+0000] {taskinstance.py:2076} INFO - Dependencies all met for dep_context=requeueable deps ti=<TaskInstance: sales_pipeline_dag.run_pipeline_docker manual__2026-01-29T14:29:21+00:00 [queued]>
[2026-01-29T14:29:25.974+0000] {taskinstance.py:2306} INFO - Starting attempt 1 of 3
[2026-01-29T14:29:25.991+0000] {taskinstance.py:2330} INFO - Executing <Task(BashOperator): run_pipeline_docker> on 2026-01-29 14:29:21+00:00
[2026-01-29T14:29:25.999+0000] {standard_task_runner.py:64} INFO - Started process 1230 to run task
[2026-01-29T14:29:26.005+0000] {standard_task_runner.py:90} INFO - Running: ['***', 'tasks', 'run', 'sales_pipeline_dag', 'run_pipeline_docker', 'manual__2026-01-29T14:29:21+00:00', '--job-id', '41', '--raw', '--subdir', 'DAGS_FOLDER/sales_pipeline_dag.py', '--cfg-path', '/tmp/tmp5hakqady']
[2026-01-29T14:29:26.009+0000] {standard_task_runner.py:91} INFO - Job 41: Subtask run_pipeline_docker
[2026-01-29T14:29:26.120+0000] {task_command.py:426} INFO - Running <TaskInstance: sales_pipeline_dag.run_pipeline_docker manual__2026-01-29T14:29:21+00:00 [running]> on host 7c1d54b766a9
[2026-01-29T14:29:26.452+0000] {taskinstance.py:2648} INFO - Exporting env vars: AIRFLOW_CTX_DAG_OWNER='***' AIRFLOW_CTX_DAG_ID='sales_pipeline_dag' AIRFLOW_CTX_TASK_ID='run_pipeline_docker' AIRFLOW_CTX_EXECUTION_DATE='2026-01-29T14:29:21+00:00' AIRFLOW_CTX_TRY_NUMBER='1' AIRFLOW_CTX_DAG_RUN_ID='manual__2026-01-29T14:29:21+00:00'
[2026-01-29T14:29:26.453+0000] {taskinstance.py:430} INFO - ::endgroup::
[2026-01-29T14:29:26.466+0000] {subprocess.py:63} INFO - Tmp dir root location: /tmp
[2026-01-29T14:29:26.468+0000] {subprocess.py:75} INFO - Running command: ['/usr/bin/bash', '-c', '\n        docker run --rm           mon_projet_dataops:latest           python src/run_pipeline.py --input raw/customers_dirty2.csv\n        ']
[2026-01-29T14:29:26.486+0000] {subprocess.py:86} INFO - Output:
[2026-01-29T14:29:27.799+0000] {subprocess.py:93} INFO - Processing customers_dirty3.csv...
[2026-01-29T14:29:27.800+0000] {subprocess.py:93} INFO - Nombre de lignes initiales: 20
[2026-01-29T14:29:27.801+0000] {subprocess.py:93} INFO - Doublons supprimés: 0
[2026-01-29T14:29:27.802+0000] {subprocess.py:93} INFO -  Noms invalides supprimés: 2
[2026-01-29T14:29:27.803+0000] {subprocess.py:93} INFO - 📧 Emails invalides supprimés: 2
[2026-01-29T14:29:27.804+0000] {subprocess.py:93} INFO -  Dates invalides supprimées: 2
[2026-01-29T14:29:27.805+0000] {subprocess.py:93} INFO - 🌍 Pays invalides supprimés: 1
[2026-01-29T14:29:27.806+0000] {subprocess.py:93} INFO - 👤 Ages invalides supprimés: 2
[2026-01-29T14:29:27.807+0000] {subprocess.py:93} INFO - 💰 Montants invalides supprimés: 3
[2026-01-29T14:29:27.809+0000] {subprocess.py:93} INFO - 🏆 Tiers invalides supprimés: 2
[2026-01-29T14:29:27.810+0000] {subprocess.py:93} INFO - Nombre de lignes finales: 6
[2026-01-29T14:29:27.811+0000] {subprocess.py:93} INFO - Taux de rejet: 70.00%
[2026-01-29T14:29:27.812+0000] {subprocess.py:93} INFO - Processing customers_dirty2.csv...
[2026-01-29T14:29:27.813+0000] {subprocess.py:93} INFO - Nombre de lignes initiales: 10
[2026-01-29T14:29:27.814+0000] {subprocess.py:93} INFO - Doublons supprimés: 0
[2026-01-29T14:29:27.815+0000] {subprocess.py:93} INFO -  Noms invalides supprimés: 0
[2026-01-29T14:29:27.816+0000] {subprocess.py:93} INFO - 📧 Emails invalides supprimés: 1
[2026-01-29T14:29:27.819+0000] {subprocess.py:93} INFO -  Dates invalides supprimées: 2
[2026-01-29T14:29:27.822+0000] {subprocess.py:93} INFO - 🌍 Pays invalides supprimés: 0
[2026-01-29T14:29:27.824+0000] {subprocess.py:93} INFO - 👤 Ages invalides supprimés: 1
[2026-01-29T14:29:27.825+0000] {subprocess.py:93} INFO - 💰 Montants invalides supprimés: 1
[2026-01-29T14:29:27.826+0000] {subprocess.py:93} INFO - 🏆 Tiers invalides supprimés: 1
[2026-01-29T14:29:27.827+0000] {subprocess.py:93} INFO - Nombre de lignes finales: 4
[2026-01-29T14:29:27.828+0000] {subprocess.py:93} INFO - Taux de rejet: 60.00%
[2026-01-29T14:29:27.830+0000] {subprocess.py:93} INFO - Processing customers_dirty.csv...
[2026-01-29T14:29:27.831+0000] {subprocess.py:93} INFO - Nombre de lignes initiales: 10
[2026-01-29T14:29:27.832+0000] {subprocess.py:93} INFO - Doublons supprimés: 0
[2026-01-29T14:29:27.833+0000] {subprocess.py:93} INFO -  Noms invalides supprimés: 0
[2026-01-29T14:29:27.834+0000] {subprocess.py:93} INFO - 📧 Emails invalides supprimés: 1
[2026-01-29T14:29:27.835+0000] {subprocess.py:93} INFO -  Dates invalides supprimées: 1
[2026-01-29T14:29:27.836+0000] {subprocess.py:93} INFO - 🌍 Pays invalides supprimés: 0
[2026-01-29T14:29:27.836+0000] {subprocess.py:93} INFO - 👤 Ages invalides supprimés: 2
[2026-01-29T14:29:27.837+0000] {subprocess.py:93} INFO - 💰 Montants invalides supprimés: 1
[2026-01-29T14:29:27.837+0000] {subprocess.py:93} INFO - 🏆 Tiers invalides supprimés: 0
[2026-01-29T14:29:27.838+0000] {subprocess.py:93} INFO - Nombre de lignes finales: 5
[2026-01-29T14:29:27.839+0000] {subprocess.py:93} INFO - Taux de rejet: 50.00%
[2026-01-29T14:29:28.334+0000] {subprocess.py:97} INFO - Command exited with return code 0
[2026-01-29T14:29:28.336+0000] {taskinstance.py:441} INFO - ::group::Post task execution logs
[2026-01-29T14:29:28.410+0000] {taskinstance.py:1206} INFO - Marking task as SUCCESS. dag_id=sales_pipeline_dag, task_id=run_pipeline_docker, run_id=manual__2026-01-29T14:29:21+00:00, execution_date=20260129T142921, start_date=20260129T142925, end_date=20260129T142928
[2026-01-29T14:29:28.512+0000] {local_task_job_runner.py:243} INFO - Task exited with return code 0
[2026-01-29T14:29:28.556+0000] {taskinstance.py:3503} INFO - 0 downstream tasks scheduled from follow-on schedule check
[2026-01-29T14:29:28.560+0000] {local_task_job_runner.py:222} INFO - ::endgroup::
