[2026-01-29T14:25:23.378+0000] {local_task_job_runner.py:120} INFO - ::group::Pre task execution logs
[2026-01-29T14:25:23.421+0000] {taskinstance.py:2076} INFO - Dependencies all met for dep_context=non-requeueable deps ti=<TaskInstance: sales_pipeline_dag.run_pipeline_docker manual__2026-01-29T14:25:20+00:00 [queued]>
[2026-01-29T14:25:23.431+0000] {taskinstance.py:2076} INFO - Dependencies all met for dep_context=requeueable deps ti=<TaskInstance: sales_pipeline_dag.run_pipeline_docker manual__2026-01-29T14:25:20+00:00 [queued]>
[2026-01-29T14:25:23.432+0000] {taskinstance.py:2306} INFO - Starting attempt 1 of 3
[2026-01-29T14:25:23.446+0000] {taskinstance.py:2330} INFO - Executing <Task(BashOperator): run_pipeline_docker> on 2026-01-29 14:25:20+00:00
[2026-01-29T14:25:23.455+0000] {standard_task_runner.py:64} INFO - Started process 1115 to run task
[2026-01-29T14:25:23.459+0000] {standard_task_runner.py:90} INFO - Running: ['***', 'tasks', 'run', 'sales_pipeline_dag', 'run_pipeline_docker', 'manual__2026-01-29T14:25:20+00:00', '--job-id', '35', '--raw', '--subdir', 'DAGS_FOLDER/sales_pipeline_dag.py', '--cfg-path', '/tmp/tmpcrdet0sf']
[2026-01-29T14:25:23.463+0000] {standard_task_runner.py:91} INFO - Job 35: Subtask run_pipeline_docker
[2026-01-29T14:25:23.563+0000] {task_command.py:426} INFO - Running <TaskInstance: sales_pipeline_dag.run_pipeline_docker manual__2026-01-29T14:25:20+00:00 [running]> on host 7c1d54b766a9
[2026-01-29T14:25:23.911+0000] {taskinstance.py:2648} INFO - Exporting env vars: AIRFLOW_CTX_DAG_OWNER='***' AIRFLOW_CTX_DAG_ID='sales_pipeline_dag' AIRFLOW_CTX_TASK_ID='run_pipeline_docker' AIRFLOW_CTX_EXECUTION_DATE='2026-01-29T14:25:20+00:00' AIRFLOW_CTX_TRY_NUMBER='1' AIRFLOW_CTX_DAG_RUN_ID='manual__2026-01-29T14:25:20+00:00'
[2026-01-29T14:25:23.915+0000] {taskinstance.py:430} INFO - ::endgroup::
[2026-01-29T14:25:23.929+0000] {subprocess.py:63} INFO - Tmp dir root location: /tmp
[2026-01-29T14:25:23.931+0000] {subprocess.py:75} INFO - Running command: ['/usr/bin/bash', '-c', '\n        docker run --rm           mon_projet_dataops:latest           python src/run_pipeline.py --input raw/customers_dirty.csv\n        ']
[2026-01-29T14:25:23.951+0000] {subprocess.py:86} INFO - Output:
[2026-01-29T14:25:25.553+0000] {subprocess.py:93} INFO - Processing customers_dirty3.csv...
[2026-01-29T14:25:25.556+0000] {subprocess.py:93} INFO - Nombre de lignes initiales: 20
[2026-01-29T14:25:25.557+0000] {subprocess.py:93} INFO - Doublons supprimés: 0
[2026-01-29T14:25:25.559+0000] {subprocess.py:93} INFO -  Noms invalides supprimés: 2
[2026-01-29T14:25:25.560+0000] {subprocess.py:93} INFO - 📧 Emails invalides supprimés: 2
[2026-01-29T14:25:25.561+0000] {subprocess.py:93} INFO -  Dates invalides supprimées: 2
[2026-01-29T14:25:25.562+0000] {subprocess.py:93} INFO - 🌍 Pays invalides supprimés: 1
[2026-01-29T14:25:25.563+0000] {subprocess.py:93} INFO - 👤 Ages invalides supprimés: 2
[2026-01-29T14:25:25.564+0000] {subprocess.py:93} INFO - 💰 Montants invalides supprimés: 3
[2026-01-29T14:25:25.565+0000] {subprocess.py:93} INFO - 🏆 Tiers invalides supprimés: 2
[2026-01-29T14:25:25.566+0000] {subprocess.py:93} INFO - Nombre de lignes finales: 6
[2026-01-29T14:25:25.567+0000] {subprocess.py:93} INFO - Taux de rejet: 70.00%
[2026-01-29T14:25:25.568+0000] {subprocess.py:93} INFO - Processing customers_dirty2.csv...
[2026-01-29T14:25:25.569+0000] {subprocess.py:93} INFO - Nombre de lignes initiales: 10
[2026-01-29T14:25:25.570+0000] {subprocess.py:93} INFO - Doublons supprimés: 0
[2026-01-29T14:25:25.571+0000] {subprocess.py:93} INFO -  Noms invalides supprimés: 0
[2026-01-29T14:25:25.572+0000] {subprocess.py:93} INFO - 📧 Emails invalides supprimés: 1
[2026-01-29T14:25:25.572+0000] {subprocess.py:93} INFO -  Dates invalides supprimées: 2
[2026-01-29T14:25:25.573+0000] {subprocess.py:93} INFO - 🌍 Pays invalides supprimés: 0
[2026-01-29T14:25:25.575+0000] {subprocess.py:93} INFO - 👤 Ages invalides supprimés: 1
[2026-01-29T14:25:25.576+0000] {subprocess.py:93} INFO - 💰 Montants invalides supprimés: 1
[2026-01-29T14:25:25.576+0000] {subprocess.py:93} INFO - 🏆 Tiers invalides supprimés: 1
[2026-01-29T14:25:25.577+0000] {subprocess.py:93} INFO - Nombre de lignes finales: 4
[2026-01-29T14:25:25.578+0000] {subprocess.py:93} INFO - Taux de rejet: 60.00%
[2026-01-29T14:25:25.579+0000] {subprocess.py:93} INFO - Processing customers_dirty.csv...
[2026-01-29T14:25:25.579+0000] {subprocess.py:93} INFO - Nombre de lignes initiales: 10
[2026-01-29T14:25:25.580+0000] {subprocess.py:93} INFO - Doublons supprimés: 0
[2026-01-29T14:25:25.581+0000] {subprocess.py:93} INFO -  Noms invalides supprimés: 0
[2026-01-29T14:25:25.582+0000] {subprocess.py:93} INFO - 📧 Emails invalides supprimés: 1
[2026-01-29T14:25:25.583+0000] {subprocess.py:93} INFO -  Dates invalides supprimées: 1
[2026-01-29T14:25:25.584+0000] {subprocess.py:93} INFO - 🌍 Pays invalides supprimés: 0
[2026-01-29T14:25:25.585+0000] {subprocess.py:93} INFO - 👤 Ages invalides supprimés: 2
[2026-01-29T14:25:25.585+0000] {subprocess.py:93} INFO - 💰 Montants invalides supprimés: 1
[2026-01-29T14:25:25.586+0000] {subprocess.py:93} INFO - 🏆 Tiers invalides supprimés: 0
[2026-01-29T14:25:25.587+0000] {subprocess.py:93} INFO - Nombre de lignes finales: 5
[2026-01-29T14:25:25.588+0000] {subprocess.py:93} INFO - Taux de rejet: 50.00%
[2026-01-29T14:25:26.084+0000] {subprocess.py:97} INFO - Command exited with return code 0
[2026-01-29T14:25:26.088+0000] {taskinstance.py:441} INFO - ::group::Post task execution logs
[2026-01-29T14:25:26.196+0000] {taskinstance.py:1206} INFO - Marking task as SUCCESS. dag_id=sales_pipeline_dag, task_id=run_pipeline_docker, run_id=manual__2026-01-29T14:25:20+00:00, execution_date=20260129T142520, start_date=20260129T142523, end_date=20260129T142526
[2026-01-29T14:25:26.289+0000] {local_task_job_runner.py:243} INFO - Task exited with return code 0
[2026-01-29T14:25:26.344+0000] {taskinstance.py:3503} INFO - 0 downstream tasks scheduled from follow-on schedule check
[2026-01-29T14:25:26.349+0000] {local_task_job_runner.py:222} INFO - ::endgroup::
