[2026-01-29T14:23:46.153+0000] {local_task_job_runner.py:120} INFO - ::group::Pre task execution logs
[2026-01-29T14:23:46.197+0000] {taskinstance.py:2076} INFO - Dependencies all met for dep_context=non-requeueable deps ti=<TaskInstance: sales_pipeline_dag.run_pipeline_docker manual__2026-01-29T14:23:38+00:00 [queued]>
[2026-01-29T14:23:46.207+0000] {taskinstance.py:2076} INFO - Dependencies all met for dep_context=requeueable deps ti=<TaskInstance: sales_pipeline_dag.run_pipeline_docker manual__2026-01-29T14:23:38+00:00 [queued]>
[2026-01-29T14:23:46.208+0000] {taskinstance.py:2306} INFO - Starting attempt 1 of 3
[2026-01-29T14:23:46.224+0000] {taskinstance.py:2330} INFO - Executing <Task(BashOperator): run_pipeline_docker> on 2026-01-29 14:23:38+00:00
[2026-01-29T14:23:46.233+0000] {standard_task_runner.py:64} INFO - Started process 1073 to run task
[2026-01-29T14:23:46.238+0000] {standard_task_runner.py:90} INFO - Running: ['***', 'tasks', 'run', 'sales_pipeline_dag', 'run_pipeline_docker', 'manual__2026-01-29T14:23:38+00:00', '--job-id', '33', '--raw', '--subdir', 'DAGS_FOLDER/sales_pipeline_dag.py', '--cfg-path', '/tmp/tmp3kn2l61t']
[2026-01-29T14:23:46.241+0000] {standard_task_runner.py:91} INFO - Job 33: Subtask run_pipeline_docker
[2026-01-29T14:23:46.344+0000] {task_command.py:426} INFO - Running <TaskInstance: sales_pipeline_dag.run_pipeline_docker manual__2026-01-29T14:23:38+00:00 [running]> on host 7c1d54b766a9
[2026-01-29T14:23:46.655+0000] {taskinstance.py:2648} INFO - Exporting env vars: AIRFLOW_CTX_DAG_OWNER='***' AIRFLOW_CTX_DAG_ID='sales_pipeline_dag' AIRFLOW_CTX_TASK_ID='run_pipeline_docker' AIRFLOW_CTX_EXECUTION_DATE='2026-01-29T14:23:38+00:00' AIRFLOW_CTX_TRY_NUMBER='1' AIRFLOW_CTX_DAG_RUN_ID='manual__2026-01-29T14:23:38+00:00'
[2026-01-29T14:23:46.656+0000] {taskinstance.py:430} INFO - ::endgroup::
[2026-01-29T14:23:46.669+0000] {subprocess.py:63} INFO - Tmp dir root location: /tmp
[2026-01-29T14:23:46.671+0000] {subprocess.py:75} INFO - Running command: ['/usr/bin/bash', '-c', '\n        docker run --rm           mon_projet_dataops:latest           python src/run_pipeline.py --input raw/customers_inexistant.csv\n        ']
[2026-01-29T14:23:46.689+0000] {subprocess.py:86} INFO - Output:
[2026-01-29T14:23:47.994+0000] {subprocess.py:93} INFO - Processing customers_dirty3.csv...
[2026-01-29T14:23:47.995+0000] {subprocess.py:93} INFO - Nombre de lignes initiales: 20
[2026-01-29T14:23:47.997+0000] {subprocess.py:93} INFO - Doublons supprimés: 0
[2026-01-29T14:23:47.998+0000] {subprocess.py:93} INFO -  Noms invalides supprimés: 2
[2026-01-29T14:23:47.999+0000] {subprocess.py:93} INFO - 📧 Emails invalides supprimés: 2
[2026-01-29T14:23:48.000+0000] {subprocess.py:93} INFO -  Dates invalides supprimées: 2
[2026-01-29T14:23:48.001+0000] {subprocess.py:93} INFO - 🌍 Pays invalides supprimés: 1
[2026-01-29T14:23:48.002+0000] {subprocess.py:93} INFO - 👤 Ages invalides supprimés: 2
[2026-01-29T14:23:48.003+0000] {subprocess.py:93} INFO - 💰 Montants invalides supprimés: 3
[2026-01-29T14:23:48.004+0000] {subprocess.py:93} INFO - 🏆 Tiers invalides supprimés: 2
[2026-01-29T14:23:48.005+0000] {subprocess.py:93} INFO - Nombre de lignes finales: 6
[2026-01-29T14:23:48.006+0000] {subprocess.py:93} INFO - Taux de rejet: 70.00%
[2026-01-29T14:23:48.007+0000] {subprocess.py:93} INFO - Processing customers_dirty2.csv...
[2026-01-29T14:23:48.008+0000] {subprocess.py:93} INFO - Nombre de lignes initiales: 10
[2026-01-29T14:23:48.008+0000] {subprocess.py:93} INFO - Doublons supprimés: 0
[2026-01-29T14:23:48.009+0000] {subprocess.py:93} INFO -  Noms invalides supprimés: 0
[2026-01-29T14:23:48.010+0000] {subprocess.py:93} INFO - 📧 Emails invalides supprimés: 1
[2026-01-29T14:23:48.011+0000] {subprocess.py:93} INFO -  Dates invalides supprimées: 2
[2026-01-29T14:23:48.012+0000] {subprocess.py:93} INFO - 🌍 Pays invalides supprimés: 0
[2026-01-29T14:23:48.013+0000] {subprocess.py:93} INFO - 👤 Ages invalides supprimés: 1
[2026-01-29T14:23:48.014+0000] {subprocess.py:93} INFO - 💰 Montants invalides supprimés: 1
[2026-01-29T14:23:48.015+0000] {subprocess.py:93} INFO - 🏆 Tiers invalides supprimés: 1
[2026-01-29T14:23:48.016+0000] {subprocess.py:93} INFO - Nombre de lignes finales: 4
[2026-01-29T14:23:48.017+0000] {subprocess.py:93} INFO - Taux de rejet: 60.00%
[2026-01-29T14:23:48.018+0000] {subprocess.py:93} INFO - Processing customers_dirty.csv...
[2026-01-29T14:23:48.019+0000] {subprocess.py:93} INFO - Nombre de lignes initiales: 10
[2026-01-29T14:23:48.020+0000] {subprocess.py:93} INFO - Doublons supprimés: 0
[2026-01-29T14:23:48.021+0000] {subprocess.py:93} INFO -  Noms invalides supprimés: 0
[2026-01-29T14:23:48.022+0000] {subprocess.py:93} INFO - 📧 Emails invalides supprimés: 1
[2026-01-29T14:23:48.023+0000] {subprocess.py:93} INFO -  Dates invalides supprimées: 1
[2026-01-29T14:23:48.024+0000] {subprocess.py:93} INFO - 🌍 Pays invalides supprimés: 0
[2026-01-29T14:23:48.025+0000] {subprocess.py:93} INFO - 👤 Ages invalides supprimés: 2
[2026-01-29T14:23:48.025+0000] {subprocess.py:93} INFO - 💰 Montants invalides supprimés: 1
[2026-01-29T14:23:48.026+0000] {subprocess.py:93} INFO - 🏆 Tiers invalides supprimés: 0
[2026-01-29T14:23:48.027+0000] {subprocess.py:93} INFO - Nombre de lignes finales: 5
[2026-01-29T14:23:48.028+0000] {subprocess.py:93} INFO - Taux de rejet: 50.00%
[2026-01-29T14:23:48.514+0000] {subprocess.py:97} INFO - Command exited with return code 0
[2026-01-29T14:23:48.516+0000] {taskinstance.py:441} INFO - ::group::Post task execution logs
[2026-01-29T14:23:48.590+0000] {taskinstance.py:1206} INFO - Marking task as SUCCESS. dag_id=sales_pipeline_dag, task_id=run_pipeline_docker, run_id=manual__2026-01-29T14:23:38+00:00, execution_date=20260129T142338, start_date=20260129T142346, end_date=20260129T142348
[2026-01-29T14:23:48.669+0000] {local_task_job_runner.py:243} INFO - Task exited with return code 0
[2026-01-29T14:23:48.719+0000] {taskinstance.py:3503} INFO - 0 downstream tasks scheduled from follow-on schedule check
[2026-01-29T14:23:48.725+0000] {local_task_job_runner.py:222} INFO - ::endgroup::
