[2026-01-29T14:25:44.239+0000] {local_task_job_runner.py:120} INFO - ::group::Pre task execution logs
[2026-01-29T14:25:44.280+0000] {taskinstance.py:2076} INFO - Dependencies all met for dep_context=non-requeueable deps ti=<TaskInstance: sales_pipeline_dag.run_pipeline_docker manual__2026-01-29T14:25:34+00:00 [queued]>
[2026-01-29T14:25:44.294+0000] {taskinstance.py:2076} INFO - Dependencies all met for dep_context=requeueable deps ti=<TaskInstance: sales_pipeline_dag.run_pipeline_docker manual__2026-01-29T14:25:34+00:00 [queued]>
[2026-01-29T14:25:44.295+0000] {taskinstance.py:2306} INFO - Starting attempt 1 of 3
[2026-01-29T14:25:44.310+0000] {taskinstance.py:2330} INFO - Executing <Task(BashOperator): run_pipeline_docker> on 2026-01-29 14:25:34+00:00
[2026-01-29T14:25:44.319+0000] {standard_task_runner.py:64} INFO - Started process 1159 to run task
[2026-01-29T14:25:44.324+0000] {standard_task_runner.py:90} INFO - Running: ['***', 'tasks', 'run', 'sales_pipeline_dag', 'run_pipeline_docker', 'manual__2026-01-29T14:25:34+00:00', '--job-id', '38', '--raw', '--subdir', 'DAGS_FOLDER/sales_pipeline_dag.py', '--cfg-path', '/tmp/tmpfx_slvoe']
[2026-01-29T14:25:44.327+0000] {standard_task_runner.py:91} INFO - Job 38: Subtask run_pipeline_docker
[2026-01-29T14:25:44.429+0000] {task_command.py:426} INFO - Running <TaskInstance: sales_pipeline_dag.run_pipeline_docker manual__2026-01-29T14:25:34+00:00 [running]> on host 7c1d54b766a9
[2026-01-29T14:25:44.732+0000] {taskinstance.py:2648} INFO - Exporting env vars: AIRFLOW_CTX_DAG_OWNER='***' AIRFLOW_CTX_DAG_ID='sales_pipeline_dag' AIRFLOW_CTX_TASK_ID='run_pipeline_docker' AIRFLOW_CTX_EXECUTION_DATE='2026-01-29T14:25:34+00:00' AIRFLOW_CTX_TRY_NUMBER='1' AIRFLOW_CTX_DAG_RUN_ID='manual__2026-01-29T14:25:34+00:00'
[2026-01-29T14:25:44.733+0000] {taskinstance.py:430} INFO - ::endgroup::
[2026-01-29T14:25:44.747+0000] {subprocess.py:63} INFO - Tmp dir root location: /tmp
[2026-01-29T14:25:44.749+0000] {subprocess.py:75} INFO - Running command: ['/usr/bin/bash', '-c', '\n        docker run --rm           mon_projet_dataops:latest           python src/run_pipeline.py --input raw/customers_dirtyinexist.csv\n        ']
[2026-01-29T14:25:44.767+0000] {subprocess.py:86} INFO - Output:
[2026-01-29T14:25:46.344+0000] {subprocess.py:93} INFO - Processing customers_dirty3.csv...
[2026-01-29T14:25:46.345+0000] {subprocess.py:93} INFO - Nombre de lignes initiales: 20
[2026-01-29T14:25:46.346+0000] {subprocess.py:93} INFO - Doublons supprimés: 0
[2026-01-29T14:25:46.348+0000] {subprocess.py:93} INFO -  Noms invalides supprimés: 2
[2026-01-29T14:25:46.349+0000] {subprocess.py:93} INFO - 📧 Emails invalides supprimés: 2
[2026-01-29T14:25:46.350+0000] {subprocess.py:93} INFO -  Dates invalides supprimées: 2
[2026-01-29T14:25:46.352+0000] {subprocess.py:93} INFO - 🌍 Pays invalides supprimés: 1
[2026-01-29T14:25:46.354+0000] {subprocess.py:93} INFO - 👤 Ages invalides supprimés: 2
[2026-01-29T14:25:46.356+0000] {subprocess.py:93} INFO - 💰 Montants invalides supprimés: 3
[2026-01-29T14:25:46.358+0000] {subprocess.py:93} INFO - 🏆 Tiers invalides supprimés: 2
[2026-01-29T14:25:46.360+0000] {subprocess.py:93} INFO - Nombre de lignes finales: 6
[2026-01-29T14:25:46.361+0000] {subprocess.py:93} INFO - Taux de rejet: 70.00%
[2026-01-29T14:25:46.363+0000] {subprocess.py:93} INFO - Processing customers_dirty2.csv...
[2026-01-29T14:25:46.365+0000] {subprocess.py:93} INFO - Nombre de lignes initiales: 10
[2026-01-29T14:25:46.368+0000] {subprocess.py:93} INFO - Doublons supprimés: 0
[2026-01-29T14:25:46.369+0000] {subprocess.py:93} INFO -  Noms invalides supprimés: 0
[2026-01-29T14:25:46.370+0000] {subprocess.py:93} INFO - 📧 Emails invalides supprimés: 1
[2026-01-29T14:25:46.371+0000] {subprocess.py:93} INFO -  Dates invalides supprimées: 2
[2026-01-29T14:25:46.372+0000] {subprocess.py:93} INFO - 🌍 Pays invalides supprimés: 0
[2026-01-29T14:25:46.373+0000] {subprocess.py:93} INFO - 👤 Ages invalides supprimés: 1
[2026-01-29T14:25:46.379+0000] {subprocess.py:93} INFO - 💰 Montants invalides supprimés: 1
[2026-01-29T14:25:46.380+0000] {subprocess.py:93} INFO - 🏆 Tiers invalides supprimés: 1
[2026-01-29T14:25:46.381+0000] {subprocess.py:93} INFO - Nombre de lignes finales: 4
[2026-01-29T14:25:46.383+0000] {subprocess.py:93} INFO - Taux de rejet: 60.00%
[2026-01-29T14:25:46.384+0000] {subprocess.py:93} INFO - Processing customers_dirty.csv...
[2026-01-29T14:25:46.386+0000] {subprocess.py:93} INFO - Nombre de lignes initiales: 10
[2026-01-29T14:25:46.387+0000] {subprocess.py:93} INFO - Doublons supprimés: 0
[2026-01-29T14:25:46.388+0000] {subprocess.py:93} INFO -  Noms invalides supprimés: 0
[2026-01-29T14:25:46.390+0000] {subprocess.py:93} INFO - 📧 Emails invalides supprimés: 1
[2026-01-29T14:25:46.392+0000] {subprocess.py:93} INFO -  Dates invalides supprimées: 1
[2026-01-29T14:25:46.394+0000] {subprocess.py:93} INFO - 🌍 Pays invalides supprimés: 0
[2026-01-29T14:25:46.395+0000] {subprocess.py:93} INFO - 👤 Ages invalides supprimés: 2
[2026-01-29T14:25:46.397+0000] {subprocess.py:93} INFO - 💰 Montants invalides supprimés: 1
[2026-01-29T14:25:46.398+0000] {subprocess.py:93} INFO - 🏆 Tiers invalides supprimés: 0
[2026-01-29T14:25:46.399+0000] {subprocess.py:93} INFO - Nombre de lignes finales: 5
[2026-01-29T14:25:46.400+0000] {subprocess.py:93} INFO - Taux de rejet: 50.00%
[2026-01-29T14:25:46.944+0000] {subprocess.py:97} INFO - Command exited with return code 0
[2026-01-29T14:25:46.948+0000] {taskinstance.py:441} INFO - ::group::Post task execution logs
[2026-01-29T14:25:47.016+0000] {taskinstance.py:1206} INFO - Marking task as SUCCESS. dag_id=sales_pipeline_dag, task_id=run_pipeline_docker, run_id=manual__2026-01-29T14:25:34+00:00, execution_date=20260129T142534, start_date=20260129T142544, end_date=20260129T142547
[2026-01-29T14:25:47.111+0000] {local_task_job_runner.py:243} INFO - Task exited with return code 0
[2026-01-29T14:25:47.165+0000] {taskinstance.py:3503} INFO - 0 downstream tasks scheduled from follow-on schedule check
[2026-01-29T14:25:47.170+0000] {local_task_job_runner.py:222} INFO - ::endgroup::
