[2026-01-29T14:29:31.127+0000] {local_task_job_runner.py:120} INFO - ::group::Pre task execution logs
[2026-01-29T14:29:31.176+0000] {taskinstance.py:2076} INFO - Dependencies all met for dep_context=non-requeueable deps ti=<TaskInstance: sales_pipeline_dag.run_pipeline_docker manual__2026-01-29T14:29:26+00:00 [queued]>
[2026-01-29T14:29:31.187+0000] {taskinstance.py:2076} INFO - Dependencies all met for dep_context=requeueable deps ti=<TaskInstance: sales_pipeline_dag.run_pipeline_docker manual__2026-01-29T14:29:26+00:00 [queued]>
[2026-01-29T14:29:31.188+0000] {taskinstance.py:2306} INFO - Starting attempt 1 of 3
[2026-01-29T14:29:31.205+0000] {taskinstance.py:2330} INFO - Executing <Task(BashOperator): run_pipeline_docker> on 2026-01-29 14:29:26+00:00
[2026-01-29T14:29:31.215+0000] {standard_task_runner.py:64} INFO - Started process 1244 to run task
[2026-01-29T14:29:31.219+0000] {standard_task_runner.py:90} INFO - Running: ['***', 'tasks', 'run', 'sales_pipeline_dag', 'run_pipeline_docker', 'manual__2026-01-29T14:29:26+00:00', '--job-id', '42', '--raw', '--subdir', 'DAGS_FOLDER/sales_pipeline_dag.py', '--cfg-path', '/tmp/tmpci_yu_t2']
[2026-01-29T14:29:31.222+0000] {standard_task_runner.py:91} INFO - Job 42: Subtask run_pipeline_docker
[2026-01-29T14:29:31.320+0000] {task_command.py:426} INFO - Running <TaskInstance: sales_pipeline_dag.run_pipeline_docker manual__2026-01-29T14:29:26+00:00 [running]> on host 7c1d54b766a9
[2026-01-29T14:29:31.622+0000] {taskinstance.py:2648} INFO - Exporting env vars: AIRFLOW_CTX_DAG_OWNER='***' AIRFLOW_CTX_DAG_ID='sales_pipeline_dag' AIRFLOW_CTX_TASK_ID='run_pipeline_docker' AIRFLOW_CTX_EXECUTION_DATE='2026-01-29T14:29:26+00:00' AIRFLOW_CTX_TRY_NUMBER='1' AIRFLOW_CTX_DAG_RUN_ID='manual__2026-01-29T14:29:26+00:00'
[2026-01-29T14:29:31.623+0000] {taskinstance.py:430} INFO - ::endgroup::
[2026-01-29T14:29:31.637+0000] {subprocess.py:63} INFO - Tmp dir root location: /tmp
[2026-01-29T14:29:31.639+0000] {subprocess.py:75} INFO - Running command: ['/usr/bin/bash', '-c', '\n        docker run --rm           mon_projet_dataops:latest           python src/run_pipeline.py --input raw/customers_dirty3.csv\n        ']
[2026-01-29T14:29:31.657+0000] {subprocess.py:86} INFO - Output:
[2026-01-29T14:29:32.850+0000] {subprocess.py:93} INFO - Processing customers_dirty3.csv...
[2026-01-29T14:29:32.851+0000] {subprocess.py:93} INFO - Nombre de lignes initiales: 20
[2026-01-29T14:29:32.852+0000] {subprocess.py:93} INFO - Doublons supprimés: 0
[2026-01-29T14:29:32.853+0000] {subprocess.py:93} INFO -  Noms invalides supprimés: 2
[2026-01-29T14:29:32.854+0000] {subprocess.py:93} INFO - 📧 Emails invalides supprimés: 2
[2026-01-29T14:29:32.855+0000] {subprocess.py:93} INFO -  Dates invalides supprimées: 2
[2026-01-29T14:29:32.856+0000] {subprocess.py:93} INFO - 🌍 Pays invalides supprimés: 1
[2026-01-29T14:29:32.858+0000] {subprocess.py:93} INFO - 👤 Ages invalides supprimés: 2
[2026-01-29T14:29:32.859+0000] {subprocess.py:93} INFO - 💰 Montants invalides supprimés: 3
[2026-01-29T14:29:32.860+0000] {subprocess.py:93} INFO - 🏆 Tiers invalides supprimés: 2
[2026-01-29T14:29:32.861+0000] {subprocess.py:93} INFO - Nombre de lignes finales: 6
[2026-01-29T14:29:32.862+0000] {subprocess.py:93} INFO - Taux de rejet: 70.00%
[2026-01-29T14:29:32.863+0000] {subprocess.py:93} INFO - Processing customers_dirty2.csv...
[2026-01-29T14:29:32.863+0000] {subprocess.py:93} INFO - Nombre de lignes initiales: 10
[2026-01-29T14:29:32.864+0000] {subprocess.py:93} INFO - Doublons supprimés: 0
[2026-01-29T14:29:32.865+0000] {subprocess.py:93} INFO -  Noms invalides supprimés: 0
[2026-01-29T14:29:32.866+0000] {subprocess.py:93} INFO - 📧 Emails invalides supprimés: 1
[2026-01-29T14:29:32.867+0000] {subprocess.py:93} INFO -  Dates invalides supprimées: 2
[2026-01-29T14:29:32.868+0000] {subprocess.py:93} INFO - 🌍 Pays invalides supprimés: 0
[2026-01-29T14:29:32.869+0000] {subprocess.py:93} INFO - 👤 Ages invalides supprimés: 1
[2026-01-29T14:29:32.870+0000] {subprocess.py:93} INFO - 💰 Montants invalides supprimés: 1
[2026-01-29T14:29:32.871+0000] {subprocess.py:93} INFO - 🏆 Tiers invalides supprimés: 1
[2026-01-29T14:29:32.872+0000] {subprocess.py:93} INFO - Nombre de lignes finales: 4
[2026-01-29T14:29:32.872+0000] {subprocess.py:93} INFO - Taux de rejet: 60.00%
[2026-01-29T14:29:32.873+0000] {subprocess.py:93} INFO - Processing customers_dirty.csv...
[2026-01-29T14:29:32.874+0000] {subprocess.py:93} INFO - Nombre de lignes initiales: 10
[2026-01-29T14:29:32.875+0000] {subprocess.py:93} INFO - Doublons supprimés: 0
[2026-01-29T14:29:32.876+0000] {subprocess.py:93} INFO -  Noms invalides supprimés: 0
[2026-01-29T14:29:32.877+0000] {subprocess.py:93} INFO - 📧 Emails invalides supprimés: 1
[2026-01-29T14:29:32.878+0000] {subprocess.py:93} INFO -  Dates invalides supprimées: 1
[2026-01-29T14:29:32.879+0000] {subprocess.py:93} INFO - 🌍 Pays invalides supprimés: 0
[2026-01-29T14:29:32.879+0000] {subprocess.py:93} INFO - 👤 Ages invalides supprimés: 2
[2026-01-29T14:29:32.880+0000] {subprocess.py:93} INFO - 💰 Montants invalides supprimés: 1
[2026-01-29T14:29:32.881+0000] {subprocess.py:93} INFO - 🏆 Tiers invalides supprimés: 0
[2026-01-29T14:29:32.881+0000] {subprocess.py:93} INFO - Nombre de lignes finales: 5
[2026-01-29T14:29:32.882+0000] {subprocess.py:93} INFO - Taux de rejet: 50.00%
[2026-01-29T14:29:33.318+0000] {subprocess.py:97} INFO - Command exited with return code 0
[2026-01-29T14:29:33.320+0000] {taskinstance.py:441} INFO - ::group::Post task execution logs
[2026-01-29T14:29:33.395+0000] {taskinstance.py:1206} INFO - Marking task as SUCCESS. dag_id=sales_pipeline_dag, task_id=run_pipeline_docker, run_id=manual__2026-01-29T14:29:26+00:00, execution_date=20260129T142926, start_date=20260129T142931, end_date=20260129T142933
[2026-01-29T14:29:33.486+0000] {local_task_job_runner.py:243} INFO - Task exited with return code 0
[2026-01-29T14:29:33.526+0000] {taskinstance.py:3503} INFO - 0 downstream tasks scheduled from follow-on schedule check
[2026-01-29T14:29:33.530+0000] {local_task_job_runner.py:222} INFO - ::endgroup::
