[2026-01-29T14:23:26.065+0000] {local_task_job_runner.py:120} INFO - ::group::Pre task execution logs
[2026-01-29T14:23:26.140+0000] {taskinstance.py:2076} INFO - Dependencies all met for dep_context=non-requeueable deps ti=<TaskInstance: sales_pipeline_dag.run_pipeline_docker manual__2026-01-29T14:23:21+00:00 [queued]>
[2026-01-29T14:23:26.162+0000] {taskinstance.py:2076} INFO - Dependencies all met for dep_context=requeueable deps ti=<TaskInstance: sales_pipeline_dag.run_pipeline_docker manual__2026-01-29T14:23:21+00:00 [queued]>
[2026-01-29T14:23:26.164+0000] {taskinstance.py:2306} INFO - Starting attempt 1 of 3
[2026-01-29T14:23:26.186+0000] {taskinstance.py:2330} INFO - Executing <Task(BashOperator): run_pipeline_docker> on 2026-01-29 14:23:21+00:00
[2026-01-29T14:23:26.201+0000] {standard_task_runner.py:64} INFO - Started process 1028 to run task
[2026-01-29T14:23:26.209+0000] {standard_task_runner.py:90} INFO - Running: ['***', 'tasks', 'run', 'sales_pipeline_dag', 'run_pipeline_docker', 'manual__2026-01-29T14:23:21+00:00', '--job-id', '30', '--raw', '--subdir', 'DAGS_FOLDER/sales_pipeline_dag.py', '--cfg-path', '/tmp/tmpg3np2x83']
[2026-01-29T14:23:26.213+0000] {standard_task_runner.py:91} INFO - Job 30: Subtask run_pipeline_docker
[2026-01-29T14:23:26.348+0000] {task_command.py:426} INFO - Running <TaskInstance: sales_pipeline_dag.run_pipeline_docker manual__2026-01-29T14:23:21+00:00 [running]> on host 7c1d54b766a9
[2026-01-29T14:23:26.789+0000] {taskinstance.py:2648} INFO - Exporting env vars: AIRFLOW_CTX_DAG_OWNER='***' AIRFLOW_CTX_DAG_ID='sales_pipeline_dag' AIRFLOW_CTX_TASK_ID='run_pipeline_docker' AIRFLOW_CTX_EXECUTION_DATE='2026-01-29T14:23:21+00:00' AIRFLOW_CTX_TRY_NUMBER='1' AIRFLOW_CTX_DAG_RUN_ID='manual__2026-01-29T14:23:21+00:00'
[2026-01-29T14:23:26.790+0000] {taskinstance.py:430} INFO - ::endgroup::
[2026-01-29T14:23:26.803+0000] {subprocess.py:63} INFO - Tmp dir root location: /tmp
[2026-01-29T14:23:26.805+0000] {subprocess.py:75} INFO - Running command: ['/usr/bin/bash', '-c', '\n        docker run --rm           mon_projet_dataops:latest           python src/run_pipeline.py --input raw/customers_dirty2.csv\n        ']
[2026-01-29T14:23:26.823+0000] {subprocess.py:86} INFO - Output:
[2026-01-29T14:23:28.289+0000] {subprocess.py:93} INFO - Processing customers_dirty3.csv...
[2026-01-29T14:23:28.290+0000] {subprocess.py:93} INFO - Nombre de lignes initiales: 20
[2026-01-29T14:23:28.291+0000] {subprocess.py:93} INFO - Doublons supprimés: 0
[2026-01-29T14:23:28.292+0000] {subprocess.py:93} INFO -  Noms invalides supprimés: 2
[2026-01-29T14:23:28.294+0000] {subprocess.py:93} INFO - 📧 Emails invalides supprimés: 2
[2026-01-29T14:23:28.295+0000] {subprocess.py:93} INFO -  Dates invalides supprimées: 2
[2026-01-29T14:23:28.296+0000] {subprocess.py:93} INFO - 🌍 Pays invalides supprimés: 1
[2026-01-29T14:23:28.297+0000] {subprocess.py:93} INFO - 👤 Ages invalides supprimés: 2
[2026-01-29T14:23:28.298+0000] {subprocess.py:93} INFO - 💰 Montants invalides supprimés: 3
[2026-01-29T14:23:28.300+0000] {subprocess.py:93} INFO - 🏆 Tiers invalides supprimés: 2
[2026-01-29T14:23:28.301+0000] {subprocess.py:93} INFO - Nombre de lignes finales: 6
[2026-01-29T14:23:28.302+0000] {subprocess.py:93} INFO - Taux de rejet: 70.00%
[2026-01-29T14:23:28.305+0000] {subprocess.py:93} INFO - Processing customers_dirty2.csv...
[2026-01-29T14:23:28.306+0000] {subprocess.py:93} INFO - Nombre de lignes initiales: 10
[2026-01-29T14:23:28.307+0000] {subprocess.py:93} INFO - Doublons supprimés: 0
[2026-01-29T14:23:28.308+0000] {subprocess.py:93} INFO -  Noms invalides supprimés: 0
[2026-01-29T14:23:28.309+0000] {subprocess.py:93} INFO - 📧 Emails invalides supprimés: 1
[2026-01-29T14:23:28.310+0000] {subprocess.py:93} INFO -  Dates invalides supprimées: 2
[2026-01-29T14:23:28.311+0000] {subprocess.py:93} INFO - 🌍 Pays invalides supprimés: 0
[2026-01-29T14:23:28.312+0000] {subprocess.py:93} INFO - 👤 Ages invalides supprimés: 1
[2026-01-29T14:23:28.314+0000] {subprocess.py:93} INFO - 💰 Montants invalides supprimés: 1
[2026-01-29T14:23:28.315+0000] {subprocess.py:93} INFO - 🏆 Tiers invalides supprimés: 1
[2026-01-29T14:23:28.316+0000] {subprocess.py:93} INFO - Nombre de lignes finales: 4
[2026-01-29T14:23:28.317+0000] {subprocess.py:93} INFO - Taux de rejet: 60.00%
[2026-01-29T14:23:28.317+0000] {subprocess.py:93} INFO - Processing customers_dirty.csv...
[2026-01-29T14:23:28.321+0000] {subprocess.py:93} INFO - Nombre de lignes initiales: 10
[2026-01-29T14:23:28.322+0000] {subprocess.py:93} INFO - Doublons supprimés: 0
[2026-01-29T14:23:28.323+0000] {subprocess.py:93} INFO -  Noms invalides supprimés: 0
[2026-01-29T14:23:28.325+0000] {subprocess.py:93} INFO - 📧 Emails invalides supprimés: 1
[2026-01-29T14:23:28.326+0000] {subprocess.py:93} INFO -  Dates invalides supprimées: 1
[2026-01-29T14:23:28.327+0000] {subprocess.py:93} INFO - 🌍 Pays invalides supprimés: 0
[2026-01-29T14:23:28.328+0000] {subprocess.py:93} INFO - 👤 Ages invalides supprimés: 2
[2026-01-29T14:23:28.330+0000] {subprocess.py:93} INFO - 💰 Montants invalides supprimés: 1
[2026-01-29T14:23:28.331+0000] {subprocess.py:93} INFO - 🏆 Tiers invalides supprimés: 0
[2026-01-29T14:23:28.332+0000] {subprocess.py:93} INFO - Nombre de lignes finales: 5
[2026-01-29T14:23:28.333+0000] {subprocess.py:93} INFO - Taux de rejet: 50.00%
[2026-01-29T14:23:28.857+0000] {subprocess.py:97} INFO - Command exited with return code 0
[2026-01-29T14:23:28.861+0000] {taskinstance.py:441} INFO - ::group::Post task execution logs
[2026-01-29T14:23:28.943+0000] {taskinstance.py:1206} INFO - Marking task as SUCCESS. dag_id=sales_pipeline_dag, task_id=run_pipeline_docker, run_id=manual__2026-01-29T14:23:21+00:00, execution_date=20260129T142321, start_date=20260129T142326, end_date=20260129T142328
[2026-01-29T14:23:29.036+0000] {local_task_job_runner.py:243} INFO - Task exited with return code 0
[2026-01-29T14:23:29.102+0000] {taskinstance.py:3503} INFO - 0 downstream tasks scheduled from follow-on schedule check
[2026-01-29T14:23:29.122+0000] {local_task_job_runner.py:222} INFO - ::endgroup::
